<?xml version="1.0" encoding="UTF-8"?>
<!-- Generated by org.testng.reporters.JUnitReportReporter -->
<testsuite skipped="0" hostname="DESKTOP-ECFTPTT" name="BusinessGrantPortal.FillUpContactDetails" tests="1" failures="0" timestamp="2022-06-30T18:33:31 SGT" time="10.356" errors="0">
  <testcase name="userFillUpContactDetails" time="10.356" classname="BusinessGrantPortal.FillUpContactDetails"/>
  <system-out/>
</testsuite> <!-- BusinessGrantPortal.FillUpContactDetails -->
