<?xml version="1.0" encoding="UTF-8"?>
<!-- Generated by org.testng.reporters.JUnitReportReporter -->
<testsuite hostname="DESKTOP-ECFTPTT" failures="0" tests="1" name="BusinessGrantPortal.ValidateTitle" time="9.904" errors="0" timestamp="2022-06-28T20:02:58 MYT" skipped="0">
  <testcase classname="BusinessGrantPortal.ValidateTitle" name="userLogInToBgp" time="9.904"/>
  <system-out/>
</testsuite> <!-- BusinessGrantPortal.ValidateTitle -->
