<?xml version="1.0" encoding="UTF-8"?>
<!-- Generated by org.testng.reporters.JUnitReportReporter -->
<testsuite hostname="DESKTOP-ECFTPTT" failures="0" tests="2" name="BusinessGrantPortal.HomePage" time="14.670" errors="0" timestamp="2022-06-28T14:07:47 MYT" skipped="0">
  <testcase classname="BusinessGrantPortal.HomePage" name="basePageNavigation" time="5.522"/>
  <system-out/>
  <testcase classname="BusinessGrantPortal.HomePage" name="basePageNavigation" time="9.148"/>
  <system-out/>
</testsuite> <!-- BusinessGrantPortal.HomePage -->
