<?xml version="1.0" encoding="UTF-8"?>
<!-- Generated by org.testng.reporters.JUnitReportReporter -->
<testsuite skipped="0" hostname="DESKTOP-ECFTPTT" name="BusinessGrantPortal.GrantEligibility" tests="1" failures="0" timestamp="2022-06-30T18:33:31 SGT" time="16.146" errors="0">
  <testcase name="userVerifyEligibilityForGrant" time="16.146" classname="BusinessGrantPortal.GrantEligibility"/>
  <system-out/>
</testsuite> <!-- BusinessGrantPortal.GrantEligibility -->
