<?xml version="1.0" encoding="UTF-8"?>
<!-- Generated by org.testng.reporters.JUnitReportReporter -->
<testsuite hostname="DESKTOP-ECFTPTT" failures="0" tests="2" name="BusinessGrantPortal.HomePage" time="19.799" errors="0" timestamp="2022-06-28T13:53:58 MYT" skipped="0">
  <testcase classname="BusinessGrantPortal.HomePage" name="basePageNavigation" time="9.591"/>
  <system-out/>
  <testcase classname="BusinessGrantPortal.HomePage" name="basePageNavigation" time="10.208"/>
  <system-out/>
</testsuite> <!-- BusinessGrantPortal.HomePage -->
